Determining if the pthread_create exist failed with the following output:
Change Dir: /home/felix/projects/IRNU.git/build/CMakeFiles/CMakeTmp

Run Build Command:/usr/bin/gmake "cmTryCompileExec1537764420/fast"
gmake[1]: Entering directory `/home/felix/projects/IRNU.git/build/CMakeFiles/CMakeTmp'
/usr/bin/gmake -f CMakeFiles/cmTryCompileExec1537764420.dir/build.make CMakeFiles/cmTryCompileExec1537764420.dir/build
gmake[2]: Entering directory `/home/felix/projects/IRNU.git/build/CMakeFiles/CMakeTmp'
/usr/bin/cmake -E cmake_progress_report /home/felix/projects/IRNU.git/build/CMakeFiles/CMakeTmp/CMakeFiles 1
Building C object CMakeFiles/cmTryCompileExec1537764420.dir/CheckSymbolExists.c.o
/usr/bin/cc    -o CMakeFiles/cmTryCompileExec1537764420.dir/CheckSymbolExists.c.o   -c /home/felix/projects/IRNU.git/build/CMakeFiles/CMakeTmp/CheckSymbolExists.c
Linking C executable cmTryCompileExec1537764420
/usr/bin/cmake -E cmake_link_script CMakeFiles/cmTryCompileExec1537764420.dir/link.txt --verbose=1
/usr/bin/cc         CMakeFiles/cmTryCompileExec1537764420.dir/CheckSymbolExists.c.o  -o cmTryCompileExec1537764420 -rdynamic 
CMakeFiles/cmTryCompileExec1537764420.dir/CheckSymbolExists.c.o: In function `main':
CheckSymbolExists.c:(.text+0x16): undefined reference to `pthread_create'
collect2: error: ld returned 1 exit status
gmake[2]: *** [cmTryCompileExec1537764420] Error 1
gmake[2]: Leaving directory `/home/felix/projects/IRNU.git/build/CMakeFiles/CMakeTmp'
gmake[1]: *** [cmTryCompileExec1537764420/fast] Error 2
gmake[1]: Leaving directory `/home/felix/projects/IRNU.git/build/CMakeFiles/CMakeTmp'

File /home/felix/projects/IRNU.git/build/CMakeFiles/CMakeTmp/CheckSymbolExists.c:
/* */
#include <pthread.h>

int main(int argc, char** argv)
{
  (void)argv;
#ifndef pthread_create
  return ((int*)(&pthread_create))[argc];
#else
  (void)argc;
  return 0;
#endif
}

Determining if the function pthread_create exists in the pthreads failed with the following output:
Change Dir: /home/felix/projects/IRNU.git/build/CMakeFiles/CMakeTmp

Run Build Command:/usr/bin/gmake "cmTryCompileExec4212585445/fast"
gmake[1]: Entering directory `/home/felix/projects/IRNU.git/build/CMakeFiles/CMakeTmp'
/usr/bin/gmake -f CMakeFiles/cmTryCompileExec4212585445.dir/build.make CMakeFiles/cmTryCompileExec4212585445.dir/build
gmake[2]: Entering directory `/home/felix/projects/IRNU.git/build/CMakeFiles/CMakeTmp'
/usr/bin/cmake -E cmake_progress_report /home/felix/projects/IRNU.git/build/CMakeFiles/CMakeTmp/CMakeFiles 1
Building C object CMakeFiles/cmTryCompileExec4212585445.dir/CheckFunctionExists.c.o
/usr/bin/cc   -DCHECK_FUNCTION_EXISTS=pthread_create   -o CMakeFiles/cmTryCompileExec4212585445.dir/CheckFunctionExists.c.o   -c /usr/share/cmake/Modules/CheckFunctionExists.c
Linking C executable cmTryCompileExec4212585445
/usr/bin/cmake -E cmake_link_script CMakeFiles/cmTryCompileExec4212585445.dir/link.txt --verbose=1
/usr/bin/cc     -DCHECK_FUNCTION_EXISTS=pthread_create    CMakeFiles/cmTryCompileExec4212585445.dir/CheckFunctionExists.c.o  -o cmTryCompileExec4212585445 -rdynamic -lpthreads 
/usr/lib64/gcc/x86_64-suse-linux/4.7/../../../../x86_64-suse-linux/bin/ld: cannot find -lpthreads
collect2: error: ld returned 1 exit status
gmake[2]: *** [cmTryCompileExec4212585445] Error 1
gmake[2]: Leaving directory `/home/felix/projects/IRNU.git/build/CMakeFiles/CMakeTmp'
gmake[1]: *** [cmTryCompileExec4212585445/fast] Error 2
gmake[1]: Leaving directory `/home/felix/projects/IRNU.git/build/CMakeFiles/CMakeTmp'


